<?xml version="1.0" encoding="UTF-8"?>
<testsuite xmlns:xsi="http://www.w3.org/2001/XMLSchema-instance" xsi:noNamespaceSchemaLocation="https://maven.apache.org/surefire/maven-surefire-plugin/xsd/surefire-test-report.xsd" name="org.sonatype.mavenbook.AppTest" time="0.045" tests="1" errors="0" skipped="0" failures="0">
  <properties>
    <property name="sun.desktop" value="windows"/>
    <property name="awt.toolkit" value="sun.awt.windows.WToolkit"/>
    <property name="file.encoding.pkg" value="sun.io"/>
    <property name="java.specification.version" value="1.8"/>
    <property name="sun.cpu.isalist" value="pentium_pro+mmx pentium_pro pentium+mmx pentium i486 i386 i86"/>
    <property name="sun.jnu.encoding" value="Cp1252"/>
    <property name="java.class.path" value="C:\Maruti\GIT_PROJECT\HelloWorld\simple-webapp\target\test-classes;C:\Maruti\GIT_PROJECT\HelloWorld\simple-webapp\target\classes;C:\Users\marut_000\.m2\repository\junit\junit\4.11\junit-4.11.jar;C:\Users\marut_000\.m2\repository\org\hamcrest\hamcrest-core\1.3\hamcrest-core-1.3.jar;"/>
    <property name="java.vm.vendor" value="Oracle Corporation"/>
    <property name="sun.arch.data.model" value="32"/>
    <property name="user.variant" value=""/>
    <property name="java.vendor.url" value="http://java.oracle.com/"/>
    <property name="user.timezone" value="Asia/Calcutta"/>
    <property name="java.vm.specification.version" value="1.8"/>
    <property name="os.name" value="Windows 10"/>
    <property name="user.country" value="US"/>
    <property name="sun.java.launcher" value="SUN_STANDARD"/>
    <property name="sun.boot.library.path" value="C:\Program Files (x86)\Java\jdk1.8.0_241\jre\bin"/>
    <property name="sun.java.command" value="C:\Users\MARUT_~1\AppData\Local\Temp\surefire878168421742892535\surefirebooter3210190075093383948.jar C:\Users\marut_000\AppData\Local\Temp\surefire878168421742892535 2020-05-02T19-03-59_410-jvmRun1 surefire7188048308895486606tmp surefire_06008762275594009272tmp"/>
    <property name="surefire.test.class.path" value="C:\Maruti\GIT_PROJECT\HelloWorld\simple-webapp\target\test-classes;C:\Maruti\GIT_PROJECT\HelloWorld\simple-webapp\target\classes;C:\Users\marut_000\.m2\repository\junit\junit\4.11\junit-4.11.jar;C:\Users\marut_000\.m2\repository\org\hamcrest\hamcrest-core\1.3\hamcrest-core-1.3.jar;"/>
    <property name="sun.cpu.endian" value="little"/>
    <property name="user.home" value="C:\Users\marut_000"/>
    <property name="user.language" value="en"/>
    <property name="java.specification.vendor" value="Oracle Corporation"/>
    <property name="java.home" value="C:\Program Files (x86)\Java\jdk1.8.0_241\jre"/>
    <property name="basedir" value="C:\Maruti\GIT_PROJECT\HelloWorld\simple-webapp"/>
    <property name="file.separator" value="\"/>
    <property name="line.separator" value="&#10;"/>
    <property name="java.vm.specification.vendor" value="Oracle Corporation"/>
    <property name="java.specification.name" value="Java Platform API Specification"/>
    <property name="java.awt.graphicsenv" value="sun.awt.Win32GraphicsEnvironment"/>
    <property name="surefire.real.class.path" value="C:\Users\MARUT_~1\AppData\Local\Temp\surefire878168421742892535\surefirebooter3210190075093383948.jar"/>
    <property name="sun.boot.class.path" value="C:\Program Files (x86)\Java\jdk1.8.0_241\jre\lib\resources.jar;C:\Program Files (x86)\Java\jdk1.8.0_241\jre\lib\rt.jar;C:\Program Files (x86)\Java\jdk1.8.0_241\jre\lib\sunrsasign.jar;C:\Program Files (x86)\Java\jdk1.8.0_241\jre\lib\jsse.jar;C:\Program Files (x86)\Java\jdk1.8.0_241\jre\lib\jce.jar;C:\Program Files (x86)\Java\jdk1.8.0_241\jre\lib\charsets.jar;C:\Program Files (x86)\Java\jdk1.8.0_241\jre\lib\jfr.jar;C:\Program Files (x86)\Java\jdk1.8.0_241\jre\classes"/>
    <property name="user.script" value=""/>
    <property name="sun.management.compiler" value="HotSpot Client Compiler"/>
    <property name="java.runtime.version" value="1.8.0_241-b07"/>
    <property name="user.name" value="marut_000"/>
    <property name="path.separator" value=";"/>
    <property name="os.version" value="10.0"/>
    <property name="java.endorsed.dirs" value="C:\Program Files (x86)\Java\jdk1.8.0_241\jre\lib\endorsed"/>
    <property name="java.runtime.name" value="Java(TM) SE Runtime Environment"/>
    <property name="file.encoding" value="Cp1252"/>
    <property name="java.vm.name" value="Java HotSpot(TM) Client VM"/>
    <property name="localRepository" value="C:\Users\marut_000\.m2\repository"/>
    <property name="java.vendor.url.bug" value="http://bugreport.sun.com/bugreport/"/>
    <property name="java.io.tmpdir" value="C:\Users\MARUT_~1\AppData\Local\Temp\"/>
    <property name="java.version" value="1.8.0_241"/>
    <property name="user.dir" value="C:\Maruti\GIT_PROJECT\HelloWorld\simple-webapp"/>
    <property name="os.arch" value="x86"/>
    <property name="java.vm.specification.name" value="Java Virtual Machine Specification"/>
    <property name="java.awt.printerjob" value="sun.awt.windows.WPrinterJob"/>
    <property name="sun.os.patch.level" value=""/>
    <property name="java.library.path" value="C:\Program Files (x86)\Java\jdk1.8.0_241\jre\bin;C:\WINDOWS\Sun\Java\bin;C:\WINDOWS\system32;C:\WINDOWS;C:\Program Files (x86)\Common Files\Oracle\Java\javapath;C:\Program Files (x86)\Microsoft SDKs\Azure\CLI2\wbin;C:\Program Files (x86)\Intel\iCLS Client\;C:\Program Files\Intel\iCLS Client\;C:\Windows\System32;C:\Windows;C:\Windows\System32\wbem;C:\Windows\System32\WindowsPowerShell\v1.0\;C:\Program Files (x86)\NVIDIA Corporation\PhysX\Common;C:\Program Files\Microsoft\Web Platform Installer\;C:\Program Files\ibm\gsk8\lib64;C:\Program Files (x86)\IBM\gsk8\lib;C:\cygwin\bin;C:\Program Files\Intel\WiFi\bin\;C:\Program Files\Common Files\Intel\WirelessCommon\;C:\Program Files\Intel\Intel(R) Management Engine Components\DAL;C:\Program Files\Intel\Intel(R) Management Engine Components\IPT;C:\IBM\curl_7_53_1_openssl_nghttp2_x64;C:\Oracle\Middleware\wlserver_10.3;C:\WINDOWS\system32;C:\WINDOWS;C:\WINDOWS\System32\Wbem;C:\WINDOWS\System32\WindowsPowerShell\v1.0\;C:\WINDOWS\System32\OpenSSH\;C:\Program Files\Geth;C:\python\scripts;C:\Users\marut_000\AppData\Local\Programs\Python\Python36-32;C:\Users\marut_000\AppData\Local\Programs\Python\Python36-32\Scripts;C:\Program Files (x86)\PuTTY\;C:\Program Files\PuTTY\;C:\Program Files (x86)\Microsoft SQL Server\150\DTS\Binn\;C:\Program Files (x86)\PowerShell\7\;C:\Maruti\terraform;C:\Program Files\Amazon\AWSCLI\bin\;C:\Program Files\Git\cmd;C:\Program Files\Microsoft VS Code\bin;C:\MAVEN\apache-maven-3.6.3\bin;C:\Program Files (x86)\Java\jdk1.8.0_241\bin;C:\Users\marut_000\AppData\Local\Microsoft\WindowsApps;C:\Users\marut_000\AppData\Local\Programs\Fiddler;C:\Users\marut_000\AppData\Local\Microsoft\WindowsApps;C:\IBM\curl_7_53_1_openssl_nghttp2_x64;C:\Program Files\Microsoft VS Code\bin;C:\python\scripts;C:\Users\marut_000\AppData\Local\Programs\Python\Python36-32;C:\Users\marut_000\AppData\Local\Programs\Python\Python36-32\Scripts;C:\Users\marut_000\AppData\Local\atom\bin;C:\Users\marut_000\AppData\Local\Programs\Microsoft VS Code\bin;C:\MAVEN\apache-maven-3.6.3\bin;;."/>
    <property name="java.vm.info" value="mixed mode"/>
    <property name="java.vendor" value="Oracle Corporation"/>
    <property name="java.vm.version" value="25.241-b07"/>
    <property name="java.ext.dirs" value="C:\Program Files (x86)\Java\jdk1.8.0_241\jre\lib\ext;C:\WINDOWS\Sun\Java\lib\ext"/>
    <property name="sun.io.unicode.encoding" value="UnicodeLittle"/>
    <property name="java.class.version" value="52.0"/>
  </properties>
  <testcase name="shouldAnswerWithTrue" classname="org.sonatype.mavenbook.AppTest" time="0.003"/>
</testsuite>